@0000000000000000
F9
E0
6C
12
00
00
00
00
00
00
7B
12
00
00
00
00
00
00
60
12
00
00
00
00
00
00
10
72
2F
54
00
00
00
00
00
00
11
74
00
00
00
00
00
00
04
66
00
00
00
00
00
00
05
68
00
00
00
00
00
00
06
6A
00
00
00
00
00
00
07
6C
00
00
00
00
00
00
C4
16
00
00
00
00
00
00
C3
16
00
00
00
00
00
00
12
76
43
59
00
00
00
00
00
00
11
78
7F
9B
00
00
00
00
00
00
14
7A
08
6C
00
00
00
00
00
00
08
6E
00
00
00
00
00
00
A8
DD
00
00
00
00
00
00
D3
DF
00
00
00
00
00
00
B6
DD
00
00
00
00
00
00
13
7C
00
00
00
00
00
00
13
7E
00
00
00
00
00
00
00
62
00
64
06
66
07
68
08
6A
04
6C
05
6E
09
62
00
00
00
00
00
00
0B
E4
00
00
00
00
00
00
80
C0
00
00
00
00
00
00
0A
62
00
00
00
00
00
00
0B
72
00
00
00
00
00
00
04
64
00
00
00
00
00
00
18
74
08
66
05
68
00
00
00
00
00
00
19
76
1A
78
0D
6A
00
00
00
00
00
00
1B
7A
00
00
00
00
00
00
18
6A
19
68
1A
66
1B
64
1B
7A
1B
78
1B
76
1B
74
00
00
00
00
00
00
83
14
00
00
00
00
00
00
05
17
00
00
00
00
00
00
83
14
00
00
00
00
00
00
21
16
00
00
00
00
00
00
C2
3C
01
68
04
3E
02
66
00
00
00
00
00
00
15
76
15
78
C4
16
00
68
6F
48
1E
78
72
EA
00
00
00
00
00
00
40
41
1E
7A
21
1C
00
00
00
00
00
00
9C
2D
00
00
1C
2E
00
00
16
7C
00
00
16
7E
00
00
00
00
00
00
87
1D
FD
F0
03
7C
00
62
00
64
00
66
0D
68
0D
6A
0D
6C
1C
A2
00
00
00
00
00
00
1D
B8
00
00
00
00
00
00
0C
64
0A
72
0A
74
00
00
E0
56
05
02
04
08
03
0A
03
04
01
0C
00
0E
E4
16
E6
16
20
59
01
04
E1
16
E6
16
20
59
06
0A
00
00
00
00
00
00
2A
19
00
00
02
02
E6
16
04
0E
E3
16
00
00
00
00
00
00
C4
16
00
00
00
00
00
00
0A
76
18
72
19
74
1A
76
2F
E2
40
C0
00
00
0F
70
AD
BE
42
02
EB
DE
AF
1E
2D
D2
42
00
ED
F0
06
B0
0F
60
DD
DD
00
00
0D
60
CA
D0
0B
F0
FF
FF
10
10
34
12
21
89
99
99
CC
CC
69
69
11
BA
88
88
CD
AB
10
01
BA
AB
22
02
0C
02
00
00
50
02
00
00
00
00
00
00
2E
19
C0
C1
07
6A
C0
C1
0D
62
0D
64
0D
66
0D
68
0D
6A
0D
6C
C0
C1
6B
E0
60
52
A0
54
E0
56
ED
16
AB
14
83
12
63
18
A3
D4
FF
9A
AF
56
00
00
00
00
C3
1A
25
13
2A
13
2E
13
7F
54
00
74
00
7A
22
10
00
74
3E
10
03
66
02
66
03
76
04
66
EB
18
05
66
11
D9
E7
1A
06
A2
6C
1B
2C
13
EC
14
07
72
07
74
07
76
07
78
07
7A
60
1A
E0
1C
20
1F
60
52
E0
56
20
59
68
12
E2
16
22
19
01
02
E1
16
69
12
0C
08
21
19
07
60
9A
E1
18
64
19
6C
1A
6E
30
E0
E0
56
20
59
00
00
E2
16
23
19
08
62
01
08
E1
16
09
62
01
04
21
19
0A
A2
01
0C
E1
16
06
A2
01
0C
21
19
20
52
1D
E2
01
02
E1
16
0B
76
0C
78
60
52
60
5B
7F
12
02
08
61
1B
79
12
45
1A
00
00
00
00
00
00
0D
7A
60
11
60
5B
02
E2
40
C0
61
1B
05
1A
6D
E1
00
00
00
00
00
00
03
62
02
E0
00
7A
10
0E
00
00
00
00
DA
AB
00
00
4D
9A
AC
3D
44
03
DD
FA
03
FB
11
01
38
03
0F
F0
0F
F0
EE
0F
6C
27
48
03
E0
5F
A0
5D
60
5B
20
59
E0
56
A0
54
60
52
20
50
B6
E0
C4
E2
0B
64
08
66
40
74
B9
14
62
12
FF
16
FB
03
BC
E8
08
64
84
18
0B
66
60
52
A0
54
7D
48
44
1D
80
77
FE
16
55
48
60
1A
F9
07
AF
E8
08
64
84
18
84
18
0B
66
60
52
A0
54
6F
48
44
1D
80
77
FB
16
53
48
60
1A
F9
07
A1
E6
08
68
C4
18
A0
5D
02
62
03
64
62
48
44
1F
C0
6D
47
48
02
72
03
74
00
62
01
64
5A
48
43
1B
40
6F
87
1D
40
7D
31
48
60
1E
03
08
00
72
01
74
EB
0F
60
52
00
72
02
72
01
72
03
72
83
E6
08
68
04
19
C4
18
A0
5D
02
62
03
64
43
48
43
1F
C0
6D
10
48
02
72
03
74
00
62
01
64
3B
48
44
1B
40
6F
87
1D
40
7D
1E
48
60
1E
03
08
00
72
01
74
EB
0F
34
0E
71
1A
02
04
61
12
07
0E
B1
1A
03
04
A1
14
60
52
02
0E
60
52
7F
12
C0
C1
B1
1A
02
04
A1
14
07
0E
71
1A
03
04
61
12
A0
54
02
0E
60
52
7F
12
C0
C1
06
76
71
16
0B
04
A0
16
06
04
0D
66
71
16
06
04
61
12
BF
14
0B
0E
61
14
60
52
08
0E
B1
16
04
04
A1
12
A0
54
AF
14
02
0E
60
52
7F
12
06
66
C0
C1
A4
DA
45
1A
61
DB
C0
C1
34
E2
08
68
04
19
01
13
E0
5F
A0
5D
60
5B
20
59
0C
64
40
66
C4
18
62
12
BF
14
FB
07
22
D9
0C
64
40
66
C5
1A
62
12
BF
14
FB
07
62
DB
0C
64
40
66
C6
1C
62
12
BF
14
FB
07
A2
DD
0C
64
40
66
C7
1E
62
12
BF
14
FB
07
C7
56
FF
9F
FF
0F
00
00
00
00
00
00
00
00
00
00
00
00
00
00
00
00
00
01
00
F0
FF
0F
3F
4A
3F
00
F1
FF
FF
00
00
00
00
00
00
00
00
00
00
00
00
00
00
00
00
00
00
00
00
00
00
00
00
00
00
00
00
00
00
00
00
00
00
00
00
00
00
00
00
00
00
00
00
00
00
00
00
00
00
00
00
00
00
00
00
00
00
00
00
00
00
00
00
00
00
00
00
00
00
00
00
00
00
00
00
00
00
00
00
00
00
00
00
00
00
00
00
00
00
00
00
00
00
00
00
00
00
00
00
00
00
00
00
00
00
00
00
00
00
00
00
00
00
00
00
00
00
00
00
00
00
00
00
00
00
00
00
00
00
00
00
00
00
00
00
00
00
00
00
00
00
00
00
00
00
00
00
00
00
00
00
00
00
00
00
00
00
00
00
00
00
00
00
00
00
00
00
00
00
00
00
00
00
00
00
00
00
00
00
00
00
00
00
00
00
00
00
00
00
00
00
00
00
00
00
00
00
00
00
00
00
00
00
00
00
00
00
00
00
00
00
00
00
00
00
00
00
00
00
00
00
00
00
00
00
00
00
00
00
00
00
00
00
00
00
00
00
00
00
00
00
00
00
00
00
00
00
00
00
00
00
00
00
00
00
00
00
00
00
00
00
00
00
00
00
00
00
00
00
00
00
00
00
00
00
00
00
00
00
00
00
00
00
00
00
00
00
00
00
00
00
00
00
00
00
00
00
00
00
00
00
00
00
00
00
00
00
00
00
00
00
00
00
00
00
00
00
00
00
00
00
00
00
00
00
00
00
00
00
00
00
00
00
00
00
00
00
00
00
00
00
00
00
00
00
00
00
00
00
00
00
00
00
00
00
00
00
00
00
00
00
00
00
00
00
00
00
00
00
00
00
00
00
00
00
00
00
00
00
00
00
00
00
00
00
00
00
00
00
00
00
00
00
00
00
00
00
00
00
00
00
00
00
00
00
00
00
00
00
00
00
00
00
00
00
00
00
00
00
00
00
00
00
00
00
00
00
00
00
00
00
00
00
00
00
00
00
00
00
00
00
00
00
00
00
00
00
00
00
00
00
00
00
00
00
00
00
00
00
00
00
00
00
00
00
00
00
00
00
00
00
00
00
00
00
00
00
00
00
00
00
00
00
00
00
00
00
00
00
00
00
00
00
00
00
00
00
00
00
00
00
00
00
00
00
00
00
00
00
00
00
00
00
00
00
00
00
00
00
00
00
00
00
00
00
00
00
00
00
00
00
00
00
00
00
00
00
00
00
00
00
00
00
00
00
00
00
00
00
00
00
00
00
00
00
00
00
00
00
00
00
00
00
00
00
00
00
00
00
00
00
00
00
00
00
00
00
00
00
00
00
00
00
00
00
00
00
00
00
00
00
00
00
00
00
00
00
00
00
00
00
00
00
00
00
00
00
00
00
00
00
00
00
00
00
00
00
00
00
00
00
00
00
00
00
00
00
00
00
00
00
00
00
00
00
00
00
00
00
00
00
00
00
00
00
00
00
00
00
00
00
00
00
00
00
00
00
00
00
00
00
00
00
00
00
00
00
00
00
00
00
00
00
00
00
00
00
00
00
00
00
00
00
00
00
00
00
00
00
00
00
00
00
00
00
00
00
00
00
00
00
00
00
00
00
00
00
00
00
00
00
00
00
00
00
00
00
00
00
00
00
00
00
00
00
00
00
00
00
00
00
00
00
00
00
00
00
00
00
00
00
00
00
00
00
00
00
00
00
00
00
00
00
00
00
00
00
00
00
00
00
00
00
00
00
00
00
00
00
00
00
00
00
00
00
00
00
00
00
00
00
00
00
00
00
00
00
00
00
00
00
00
00
00
00
00
00
00
00
00
00
00
00
00
00
00
00
00
00
00
00
00
00
00
00
00
00
00
00
00
00
00
00
00
00
00
00
00
00
00
00
00
00
00
00
00
00
00
00
00
00
00
00
00
00
00
00
00
00
00
00
00
00
00
00
00
00
00
00
00
00
00
00
00
00
00
00
00
00
00
00
00
00
00
00
00
00
00
00
00
00
00
00
00
00
00
00
00
00
00
00
00
00
00
00
00
00
00
00
00
00
00
00
00
00
00
00
00
00
00
00
00
00
00
00
00
00
00
00
00
00
00
00
00
00
00
00
00
00
00
00
00
00
00
00
00
00
00
00
00
00
00
00
00
00
00
00
00
00
00
00
00
00
00
00
00
00
00
00
00
00
00
00
00
00
00
00
00
00
00
00
00
00
00
00
00
00
00
00
00
00
00
00
00
00
00
00
00
00
00
00
00
00
00
00
00
00
00
00
00
00
00
00
00
00
00
00
00
00
00
00
00
00
00
00
00
00
00
00
00
00
00
00
00
00
00
00
00
00
00
00
00
00
00
00
00
00
00
00
00
00
00
00
00
00
00
00
00
00
00
00
00
00
00
00
00
00
00
00
00
00
00
00
00
00
00
00
00
00
00
00
00
00
00
00
00
00
00
00
00
00
00
00
00
00
00
00
00
00
00
00
00
00
00
00
00
00
00
00
00
00
00
00
00
00
00
00
00
00
00
00
00
00
00
00
00
00
00
00
00
00
00
00
00
00
00
00
00
00
00
00
00
00
00
00
00
00
00
00
00
00
00
00
00
00
00
00
00
00
00
00
00
00
00
00
00
00
00
00
00
00
00
00
00
00
00
00
00
00
00
00
00
00
00
00
00
00
00
00
00
00
00
00
00
00
00
00
00
00
00
00
00
00
00
00
00
00
00
00
00
00
00
00
00
00
00
00
00
00
00
00
00
00
00
00
00
00
00
00
00
00
00
00
00
00
00
00
00
00
00
00
00
00
00
00
00
00
00
00
00
00
00
00
00
00
00
00
00
00
00
00
00
00
00
00
00
00
00
00
00
00
00
00
00
00
00
00
00
00
00
00
00
00
00
00
00
00
00
00
00
00
00
00
00
00
00
00
00
00
00
00
00
00
00
00
00
00
00
00
00
00
00
00
00
00
00
00
00
00
00
00
00
00
00
00
00
00
00
00
00
00
00
00
00
00
00
00
00
00
00
00
00
00
00
00
00
00
00
00
00
00
00
00
00
00
00
00
00
00
00
00
00
00
00
00
00
00
00
00
00
00
00
00
00
00
00
00
00
00
00
00
00
00
00
00
00
00
00
00
00
00
00
00
00
00
00
00
00
00
00
00
00
00
00
00
00
00
00
00
00
00
00
00
00
00
00
00
00
00
00
00
00
00
00
00
00
00
00
00
00
00
00
00
00
00
00
00
00
00
00
00
00
00
00
00
00
00
00
00
00
00
00
00
00
00
00
00
00
00
00
00
00
00
00
00
00
00
00
00
00
00
00
00
00
00
00
00
00
00
00
00
00
00
00
00
00
00
00
00
00
00
00
00
00
00
00
00
00
00
00
00
00
00
00
00
00
00
00
00
00
00
00
00
00
00
00
00
00
00
00
00
00
00
00
00
00
00
00
00
00
00
00
00
00
00
00
00
00
00
00
00
00
00
00
00
00
